0000000000000000 0000000000000004 B g_bsdErrno
0000000000000000 a __start__
0000000000000000 T _start
0000000000000000 b _TLS_MODULE_BASE_
0000000000000004 0000000000000004 B g_bsdResult
0000000000000008 0000000000000004 b fsdev_last_result
0000000000000010 0000000000000401 B __nx_dev_path_buf
00000000000000e0 T __nx_exit
00000000000000f0 T __nx_mod0
0000000000000140 0000000000000034 T exit
0000000000000180 0000000000000514 T main
0000000000000414 0000000000000004 b g_fsPriority
00000000000006a0 t __do_global_dtors_aux
0000000000000700 t frame_dummy
0000000000000730 0000000000000018 t _appletInfiniteSleepLoop
0000000000000750 0000000000000108 t _appletCmdGetSession
0000000000000860 00000000000000cc t _appletCmdInU8NoOut
0000000000000930 00000000000000cc t _appletCmdInU32NoOut
0000000000000a00 000000000000012c t _appletGetSessionProxy.constprop.0
0000000000000b30 0000000000000148 t _appletOpenLibraryAppletProxy.constprop.0
0000000000000c80 00000000000000f8 t _appletCmdGetEvent
0000000000000d80 00000000000000d4 t _appletCmdNoInOutU8.isra.0
0000000000000e60 00000000000000d4 t _appletCmdNoInOutU32.isra.0
0000000000000f40 00000000000000d4 t _appletCmdNoInOutU64.isra.0
0000000000001020 00000000000000c0 t _appletCmdNoIO.isra.0
00000000000010e0 0000000000000010 T appletGetAppletType
00000000000010f0 00000000000001b8 T appletSetFocusHandlingMode
00000000000012b0 000000000000005c T appletSetCpuBoostMode
0000000000001310 000000000000002c T appletCreateManagedDisplayLayer
0000000000001340 000000000000000c T appletGetAppletResourceUserId
0000000000001350 0000000000000138 t _appletHolderCreateState
0000000000001490 00000000000000b0 T appletHolderClose
0000000000001540 0000000000000024 T appletHolderGetLibraryAppletInfo
0000000000001570 0000000000000090 T appletNotifyRunning
0000000000001600 0000000000000078 T appletSetGamePlayRecordingState
0000000000001680 0000000000000ad4 t _appletCleanup
0000000000002160 0000000000000048 T appletExit
00000000000021b0 0000000000000040 T appletGetLibraryAppletInfo
00000000000021f0 0000000000000c14 T appletInitialize
0000000000002e10 0000000000000024 t _appletExitProcess
0000000000002e40 0000000000000074 T appletGetMessage
0000000000002ec0 0000000000000264 T appletProcessMessage
0000000000003130 0000000000000034 T appletMainLoop
0000000000003170 000000000000012c t _hidCleanup
00000000000032a0 00000000000000d4 t _hidCmdInAruidNoOut
0000000000003380 00000000000000e0 t _hidCmdInU32AruidNoOut
0000000000003460 0000000000000194 t _hidGetStates
0000000000003600 000000000000026c T hidInitialize
0000000000003870 0000000000000048 T hidExit
00000000000038c0 000000000000000c T hidGetSharedmemAddr
00000000000038d0 0000000000000090 T hidGetNpadStyleSet
0000000000003960 0000000000000020 T hidInitializeTouchScreen
0000000000003980 0000000000000088 T hidGetTouchScreenStates
0000000000003a10 0000000000000084 T hidInitializeNpad
0000000000003aa0 00000000000000a4 T hidGetNpadStatesFullKey
0000000000003b50 00000000000000a4 T hidGetNpadStatesHandheld
0000000000003c00 00000000000000a4 T hidGetNpadStatesJoyDual
0000000000003cb0 00000000000000a4 T hidGetNpadStatesJoyLeft
0000000000003d60 00000000000000a4 T hidGetNpadStatesJoyRight
0000000000003e10 0000000000000144 T hidGetNpadStatesGc
0000000000003f60 00000000000000a8 T hidGetNpadStatesSystemExt
0000000000004010 0000000000000008 T hidSetSupportedNpadStyleSet
0000000000004020 0000000000000100 T hidSetSupportedNpadIdType
0000000000004120 00000000000000cc t _smCmifCmdInPid
00000000000041f0 0000000000000078 t _smCleanup
0000000000004270 0000000000000048 T smAddOverrideHandle
00000000000042c0 0000000000000054 T smGetServiceOverride
0000000000004320 00000000000001ac T smInitialize
00000000000044d0 0000000000000048 T smExit
0000000000004520 00000000000000d0 T smGetServiceOriginal
00000000000045f0 0000000000000120 T smGetServiceWrapper
0000000000004710 0000000000000004 W __libnx_alloc
0000000000004720 0000000000000014 W __libnx_aligned_alloc
0000000000004740 0000000000000004 W __libnx_free
0000000000004750 000000000000001c W diagAbortWithResult
0000000000004770 0000000000000208 T envSetup
0000000000004980 0000000000000020 T envGetMainThreadHandle
00000000000049a0 000000000000000c T envIsNso
00000000000049b0 0000000000000014 T envHasHeapOverride
00000000000049d0 000000000000000c T envGetHeapOverrideAddr
00000000000049e0 000000000000000c T envGetHeapOverrideSize
00000000000049f0 0000000000000014 T envHasArgv
0000000000004a10 000000000000000c T envGetArgv
0000000000004a20 000000000000000c T envGetExitFuncPtr
0000000000004a30 000000000000000c T envSetExitFuncPtr
0000000000004a40 000000000000000c T envHasRandomSeed
0000000000004a50 0000000000000010 T envGetRandomSeed
0000000000004a60 0000000000000014 T hosversionGet
0000000000004a80 0000000000000010 T hosversionSet
0000000000004a90 000000000000009c T padConfigureInput
0000000000004b30 0000000000000024 T padInitializeWithMask
0000000000004b60 000000000000029c T padUpdate
0000000000004e00 0000000000000050 t consoleDrawChar
0000000000004e50 00000000000000b8 t consoleNewRow
0000000000004f10 0000000000000194 t consolePrintChar.part.0
00000000000050b0 0000000000000df8 t con_write
0000000000005eb0 0000000000000160 T consoleInit
0000000000006010 0000000000000044 T consoleExit
0000000000006060 000000000000002c T consoleUpdate
0000000000006090 0000000000000098 T consoleClear
0000000000006130 00000000000001bc t ConsoleSwRenderer_drawChar
00000000000062f0 00000000000000e8 t ConsoleSwRenderer_init
00000000000063e0 0000000000000078 t ConsoleSwRenderer_flushAndSwap
0000000000006460 00000000000000dc t ConsoleSwRenderer_scrollWindow
0000000000006540 0000000000000050 t ConsoleSwRenderer_deinit
0000000000006590 000000000000000c W getDefaultConsoleRenderer
00000000000065a0 000000000000007c t _socketGetFd
0000000000006620 00000000000000a4 t _socketParseBsdResult.part.0
00000000000066d0 0000000000000050 t _socketRead
0000000000006720 0000000000000050 t _socketWrite
0000000000006770 0000000000000044 t _socketClose
00000000000067c0 000000000000008c t _socketOpen
0000000000006850 000000000000000c T socketGetDefaultInitConfig
0000000000006860 000000000000001c T socketExit
0000000000006880 00000000000001b4 T socketInitialize
0000000000006a40 0000000000000098 T socket
0000000000006ae0 000000000000006c T sendto
0000000000006b50 00000000000001b4 t _inetAtonDetail
0000000000006d10 0000000000000024 T inet_aton
0000000000006d34 T svcSetHeapSize
0000000000006d48 T svcSetMemoryPermission
0000000000006d50 T svcSetMemoryAttribute
0000000000006d58 T svcUnmapMemory
0000000000006d60 T svcQueryMemory
0000000000006d74 T svcExitProcess
0000000000006d7c T svcSleepThread
0000000000006d84 T svcMapSharedMemory
0000000000006d8c T svcUnmapSharedMemory
0000000000006d94 T svcCreateTransferMemory
0000000000006da8 T svcCloseHandle
0000000000006db0 T svcResetSignal
0000000000006db8 T svcWaitSynchronization
0000000000006dcc T svcArbitrateLock
0000000000006dd4 T svcArbitrateUnlock
0000000000006ddc T svcWaitProcessWideKeyAtomic
0000000000006de4 T svcSignalProcessWideKey
0000000000006dec T svcConnectToNamedPort
0000000000006e00 T svcSendSyncRequest
0000000000006e08 T svcBreak
0000000000006e10 T svcReturnFromException
0000000000006e18 T svcGetInfo
0000000000006e2c T svcUnmapTransferMemory
0000000000006e34 T __aarch64_read_tp
0000000000006e40 000000000000000c T eventLoadRemote
0000000000006e50 0000000000000034 T eventWait
0000000000006e90 0000000000000054 T eventClose
0000000000006ef0 00000000000000c8 T mutexLock
0000000000006fc0 0000000000000068 T mutexUnlock
0000000000007030 000000000000001c T mutexIsLockedByCurrentThread
0000000000007050 0000000000000050 T rmutexLock
00000000000070a0 0000000000000018 T rmutexUnlock
00000000000070c0 0000000000000014 T shmemLoadRemote
00000000000070e0 0000000000000070 T shmemMap
0000000000007150 0000000000000034 T shmemUnmap
0000000000007190 000000000000004c T shmemClose
00000000000071e0 00000000000000a8 T tmemCreate
0000000000007290 000000000000002c T tmemCreateFromMemory
00000000000072c0 0000000000000034 T tmemUnmap
0000000000007300 0000000000000030 T tmemCloseHandle
0000000000007330 000000000000009c T tmemWaitForPermission
00000000000073d0 0000000000000050 T tmemClose
0000000000007420 0000000000000064 t _memregionInitWithInfo
0000000000007490 0000000000000004 W __libnx_virtmem_rng
00000000000074a0 0000000000000164 t _memregionFindRandom
0000000000007610 0000000000000140 T virtmemSetup
0000000000007750 000000000000000c T virtmemLock
0000000000007760 000000000000000c T virtmemUnlock
0000000000007770 0000000000000050 T virtmemFindAslr
00000000000077c0 000000000000057c T waitObjects
0000000000007d40 00000000000000d4 t _apmCleanup
0000000000007e20 0000000000000194 T apmInitialize
0000000000007fc0 0000000000000048 T apmExit
0000000000008010 00000000000000c8 T apmSetPerformanceConfiguration
00000000000080e0 00000000000000f4 t _bsdCleanup
00000000000081e0 0000000000000144 t _bsdCmdInDomainTypeProtocol
0000000000008330 0000000000000124 t _bsdRegisterClient.constprop.0
0000000000008460 0000000000000358 T bsdInitialize
00000000000087c0 0000000000000048 T bsdExit
0000000000008810 0000000000000008 T bsdSocket
0000000000008820 00000000000001c8 T bsdOpen
00000000000089f0 000000000000025c T bsdSendTo
0000000000008c50 00000000000001bc T bsdWrite
0000000000008e10 00000000000001b0 T bsdRead
0000000000008fc0 0000000000000134 T bsdClose
0000000000009100 000000000000000c T nwindowGetDefault
0000000000009110 00000000000000a4 T __nx_win_init
00000000000091c0 0000000000000034 T __nx_win_exit
0000000000009200 000000000000008c T framebufferMakeLinear
0000000000009290 0000000000000084 T framebufferClose
0000000000009320 0000000000000290 T framebufferCreate
00000000000095b0 000000000000007c T framebufferBegin
0000000000009630 0000000000000198 T framebufferEnd
00000000000097d0 0000000000000024 T nwindowIsValid
0000000000009800 000000000000007c T nwindowClose
0000000000009880 00000000000000f8 T nwindowCreate
0000000000009980 0000000000000038 T nwindowCreateFromLayer
00000000000099c0 0000000000000084 T nwindowSetDimensions
0000000000009a50 0000000000000180 T nwindowConfigureBuffer
0000000000009bd0 00000000000001cc T nwindowDequeueBuffer
0000000000009da0 000000000000012c T nwindowQueueBuffer
0000000000009ed0 00000000000000bc T nwindowReleaseBuffers
0000000000009f90 0000000000000314 W argvSetup
000000000000a2b0 00000000000001fc T __nx_dynamic
000000000000a4b0 00000000000000d0 W __libnx_initheap
000000000000a580 00000000000000ec W __appInit
000000000000a670 0000000000000044 W __appExit
000000000000a6c0 000000000000002c W __libnx_init
000000000000a6f0 000000000000001c W __libnx_exit
000000000000a710 000000000000001c T __syscall_exit
000000000000a730 0000000000000034 T __syscall_getreent
000000000000a770 0000000000000004 T __syscall_lock_acquire
000000000000a780 0000000000000004 T __syscall_lock_release
000000000000a790 0000000000000004 T __syscall_lock_acquire_recursive
000000000000a7a0 0000000000000004 T __syscall_lock_release_recursive
000000000000a7b0 000000000000025c T __libnx_init_time
000000000000aa10 0000000000000098 T newlibSetup
000000000000aab0 00000000000000e8 T nxlinkSetup
000000000000aba0 0000000000000030 T _convert_errno
000000000000abd0 0000000000000010 t fsdev_link
000000000000abe0 0000000000000010 t fsdev_dirreset
000000000000abf0 0000000000000010 t fsdev_chmod
000000000000ac00 0000000000000018 t error_cmp
000000000000ac20 0000000000000020 t fsdev_dirclose
000000000000ac40 000000000000001c t fsdev_close
000000000000ac60 0000000000000074 t fsdev_converttimetoutc
000000000000ace0 00000000000000f8 t fsdevFindDevice.part.0
000000000000ade0 00000000000001cc t fsdev_fixpath
000000000000afb0 000000000000009c t _fsdevUnmountDeviceStruct.part.0
000000000000b050 0000000000000010 t fsdev_fchmod
000000000000b060 0000000000000100 t fsdev_diropen
000000000000b160 00000000000000f8 t fsdev_statvfs
000000000000b260 000000000000007c t fsdev_fsync
000000000000b2e0 00000000000000ec t fsdev_fstat
000000000000b3d0 0000000000000094 t fsdev_ftruncate
000000000000b470 00000000000001d8 t fsdev_stat
000000000000b650 000000000000014c t fsdev_rename
000000000000b7a0 000000000000013c t fsdev_chdir
000000000000b8e0 00000000000000a4 t fsdev_rmdir
000000000000b990 00000000000000a4 t fsdev_mkdir
000000000000ba40 00000000000000a4 t fsdev_unlink
000000000000baf0 000000000000013c t fsdev_write_safe
000000000000bc30 0000000000000134 t fsdev_read_safe
000000000000bd70 0000000000000100 t fsdev_read
000000000000be70 00000000000001d4 t fsdev_dirnext
000000000000c050 0000000000000124 t fsdev_write
000000000000c180 0000000000000110 t fsdev_seek
000000000000c290 0000000000000230 t fsdev_open
000000000000c4c0 0000000000000324 T fsdevMountDevice
000000000000c7f0 0000000000000040 T fsdevMountSdmc
000000000000c830 00000000000000bc T __libnx_init_cwd
000000000000c8f0 0000000000000064 T fsdevUnmountAll
000000000000c960 0000000000000128 T decode_utf8
000000000000ca88 T armDCacheFlush
000000000000cab8 t armDCacheFlush_L0
000000000000cad4 W __libnx_exception_entry
000000000000cb60 t __libnx_exception_entry_start
000000000000cc88 t __libnx_exception_entry_abort
000000000000cc8c t __libnx_exception_entry_end
000000000000cc94 T __libnx_exception_returnentry
000000000000ccb0 0000000000000070 T condvarWaitTimeout
000000000000cd20 0000000000000410 T randomGet
000000000000d130 0000000000000020 T randomGet64
000000000000d150 00000000000000b0 T __libnx_init_thread
000000000000d200 0000000000000184 T sessionmgrCreate
000000000000d390 0000000000000084 T sessionmgrClose
000000000000d420 00000000000000a8 T sessionmgrAttachClient
000000000000d4d0 0000000000000060 T sessionmgrDetachClient
000000000000d530 00000000000000b4 t _fsCleanup
000000000000d5f0 00000000000001c0 t _fsCmdNoIO
000000000000d7b0 00000000000001e0 t _fsFsCmdWithInPath
000000000000d990 00000000000001f8 t _fsFsCmdWithTwoInPaths
000000000000db90 000000000000028c t _fsFsOpenCommon
000000000000de20 00000000000001fc t _fsFsCmdWithInPathAndOutU64
000000000000e020 00000000000000f8 t _fsObjectClose
000000000000e120 000000000000017c t _fsCmdGetSession.constprop.0
000000000000e2a0 00000000000002f8 T fsInitialize
000000000000e5a0 0000000000000048 T fsExit
000000000000e5f0 0000000000000008 T fsOpenSdCardFileSystem
000000000000e600 00000000000001ec T fsFsCreateFile
000000000000e7f0 0000000000000008 T fsFsDeleteFile
000000000000e800 0000000000000008 T fsFsCreateDirectory
000000000000e810 0000000000000008 T fsFsDeleteDirectory
000000000000e820 0000000000000008 T fsFsRenameFile
000000000000e830 0000000000000008 T fsFsRenameDirectory
000000000000e840 00000000000001f0 T fsFsGetEntryType
000000000000ea30 0000000000000008 T fsFsOpenFile
000000000000ea40 0000000000000008 T fsFsOpenDirectory
000000000000ea50 0000000000000008 T fsFsGetFreeSpace
000000000000ea60 0000000000000008 T fsFsGetTotalSpace
000000000000ea70 0000000000000230 T fsFsGetFileTimeStampRaw
000000000000eca0 0000000000000004 T fsFsClose
000000000000ecb0 0000000000000214 T fsFileRead
000000000000eed0 00000000000001f8 T fsFileWrite
000000000000f0d0 0000000000000008 T fsFileFlush
000000000000f0e0 00000000000001c0 T fsFileSetSize
000000000000f0e0 00000000000001c0 t fsFileSetSize.localalias
000000000000f2a0 00000000000001d4 T fsFileGetSize
000000000000f2a0 00000000000001d4 t fsFileGetSize.localalias
000000000000f480 0000000000000004 T fsFileClose
000000000000f490 0000000000000004 T fsDirClose
000000000000f4a0 0000000000000204 T fsDirRead
000000000000f6b0 00000000000000d0 t _nvCleanup
000000000000f780 00000000000000d4 t _nvCmdInitialize.constprop.0
000000000000f860 0000000000000018 W __nx_nv_create_tmem
000000000000f880 00000000000003a8 T nvInitialize
000000000000fc30 0000000000000048 T nvExit
000000000000fc80 00000000000000f4 T nvConvertError
000000000000fd80 0000000000000114 T nvOpen
000000000000fea0 0000000000000310 T nvIoctl
00000000000101b0 00000000000000d4 T nvClose
0000000000010290 000000000000010c T nvQueryEvent
00000000000103a0 00000000000000d0 t _setsysGetFirmwareVersionImpl
0000000000010470 0000000000000078 t _setsysCleanup
00000000000104f0 00000000000000a0 T setsysInitialize
0000000000010590 0000000000000048 T setsysExit
00000000000105e0 0000000000000048 T setsysGetFirmwareVersion
0000000000010630 000000000000027c t _timeCleanup
00000000000108b0 0000000000000100 t _timeCmdGetSession.constprop.0
00000000000109b0 0000000000000104 t _timeReadClockFromSharedMem
0000000000010ac0 0000000000000300 T timeInitialize
0000000000010dc0 0000000000000048 T timeExit
0000000000010e10 0000000000000038 T timeGetServiceSession_SystemClock
0000000000010e50 00000000000000fc T timeGetCurrentTime
0000000000010f50 0000000000000108 T timeToCalendarTimeWithMyRule
0000000000011060 0000000000000114 T timeToPosixTimeWithMyRule
0000000000011180 0000000000000230 t _viCleanup
00000000000113b0 0000000000000100 t _viCmdGetSessionNoParams.constprop.0
00000000000114b0 0000000000000368 T viInitialize
0000000000011820 0000000000000048 T viExit
0000000000011870 000000000000000c T viGetSession_IHOSBinderDriverRelay
0000000000011880 000000000000010c T viOpenDisplay
0000000000011990 00000000000000ec T viCloseDisplay
0000000000011a80 00000000000000f4 T viCloseLayer
0000000000011b80 0000000000000394 T viCreateLayer
0000000000011f20 00000000000000d8 T viSetLayerScalingMode
0000000000012000 0000000000000074 t _nvFenceCleanup
0000000000012080 0000000000000098 T nvFenceInit
0000000000012120 0000000000000048 T nvFenceExit
0000000000012170 0000000000000290 T nvFenceWait
0000000000012400 000000000000007c T nvMultiFenceWait
0000000000012480 00000000000000ac T nvMapInit
0000000000012530 0000000000000074 T nvMapExit
00000000000125b0 000000000000008c T nvMapClose
0000000000012640 0000000000000160 T nvMapCreate
00000000000127a0 0000000000000024 T nvioctlNvhostCtrl_EventSignal
00000000000127d0 000000000000003c T nvioctlNvhostCtrl_EventWait
0000000000012810 0000000000000028 T nvioctlNvhostCtrl_EventWaitAsync
0000000000012840 0000000000000024 T nvioctlNvhostCtrl_EventRegister
0000000000012870 0000000000000024 T nvioctlNvhostCtrl_EventUnregister
00000000000128a0 000000000000003c T nvioctlNvmap_Create
00000000000128e0 0000000000000030 T nvioctlNvmap_Alloc
0000000000012910 0000000000000030 T nvioctlNvmap_Free
0000000000012940 000000000000003c T nvioctlNvmap_GetId
0000000000012980 000000000000001c T binderCreate
00000000000129a0 000000000000035c T binderTransactParcel
0000000000012d00 00000000000000e8 T binderConvertErrorCode
0000000000012df0 0000000000000124 T binderAdjustRefcount
0000000000012f20 000000000000009c T binderInitSession
0000000000012fc0 000000000000005c T binderClose
0000000000013020 0000000000000154 T binderGetNativeHandle
0000000000013180 00000000000000c8 T bqRequestBuffer
0000000000013250 0000000000000128 T bqDequeueBuffer
0000000000013380 00000000000000c8 T bqQueueBuffer
0000000000013450 0000000000000084 T bqCancelBuffer
00000000000134e0 00000000000000d0 T bqConnect
00000000000135b0 0000000000000088 T bqDisconnect
0000000000013640 0000000000000194 T bqSetPreallocatedBuffer
00000000000137e0 0000000000000030 T parcelCreate
0000000000013810 0000000000000174 T parcelTransact
0000000000013990 0000000000000080 T parcelWriteData
0000000000013a10 0000000000000088 T parcelReadData
0000000000013aa0 0000000000000020 T parcelWriteInt32
0000000000013ac0 0000000000000020 T parcelWriteUInt32
0000000000013ae0 000000000000007c T parcelWriteString16
0000000000013b60 0000000000000030 T parcelWriteInterfaceToken
0000000000013b90 0000000000000024 T parcelReadInt32
0000000000013bc0 0000000000000068 T parcelReadFlattenedObject
0000000000013c30 0000000000000044 T parcelWriteFlattenedObject
0000000000013c80 00000000000000c4 T strncat
0000000000013d80 00000000000000cc T strchr
0000000000013e80 00000000000000b8 T strnlen
0000000000013f40 00000000000000b4 T bsearch
0000000000014000 000000000000022c T memcpy
0000000000014000 T memmove
0000000000014240 000000000000001c T close
0000000000014260 0000000000000028 T gmtime
00000000000142c0 0000000000000104 T memset
00000000000143e0 0000000000000080 T printf
0000000000014460 00000000000001a4 t _strtoul_l.isra.0
0000000000014620 0000000000000040 T strtoul
0000000000014660 000000000000002c T aligned_alloc
00000000000146a0 000000000000018c T _memalign_r
0000000000014840 0000000000000014 T __errno
0000000000014880 0000000000000130 T strlen
00000000000149c0 00000000000001b4 T strncmp
0000000000014b80 0000000000000840 T _malloc_r
00000000000153c0 000000000000011c T _malloc_trim_r
00000000000154e0 00000000000002d8 T _free_r
00000000000157c0 0000000000000278 T setvbuf
0000000000015a40 000000000000001c t stdio_exit_handler
0000000000015a60 000000000000006c t cleanup_stdio
0000000000015ae0 0000000000000128 t global_stdio_init.part.0
0000000000015c20 000000000000000c T __sfp_lock_acquire
0000000000015c40 000000000000000c T __sfp_lock_release
0000000000015c60 0000000000000054 T __sinit
0000000000015cc0 00000000000000a4 T __libc_init_array
0000000000015d80 00000000000000ac T strncpy
0000000000015e40 0000000000000038 T malloc
0000000000015e80 000000000000001c T free
0000000000015ea0 00000000000000d4 T _puts_r
0000000000015f80 000000000000001c T puts
0000000000015fa0 000000000000004c T __sread
0000000000016000 0000000000000070 T __swrite
0000000000016080 0000000000000050 T __sseek
00000000000160e0 0000000000000008 T __sclose
0000000000016100 000000000000000c T __malloc_lock
0000000000016120 000000000000000c T __malloc_unlock
0000000000016140 0000000000000130 T _fclose_r
0000000000016280 0000000000000034 T setenv
00000000000162c0 0000000000000004 W __call_exitprocs
0000000000016300 0000000000000134 T strcmp
0000000000016440 0000000000000044 T __libc_fini_array
00000000000164a0 00000000000002a0 T gmtime_r
0000000000016740 000000000000009c T sprintf
00000000000167e0 0000000000000258 T _setenv_r
0000000000016a40 0000000000000098 T _fwalk_sglue
0000000000016ad8 0000000000000790 t get_arg
0000000000017268 0000000000003bd4 T _vfprintf_r
000000000001ae3c 00000000000000cc t __sbprintf
000000000001af20 00000000000000d0 T _wcrtomb_r
000000000001b000 00000000000000c8 T __ssprint_r
000000000001b0e0 00000000000004a4 T __sfvwrite_r
000000000001b5a0 00000000000000b0 T __swhatbuf_r
000000000001b660 00000000000000e8 T __smakebuf_r
000000000001b760 000000000000002c T __locale_mb_cur_max
000000000001b7a0 00000000000001ec T __sflush_r
000000000001b9a0 00000000000000bc T _fflush_r
000000000001ba60 0000000000000038 T __sprint_r
000000000001baa0 00000000000001a4 t quorem
000000000001bc60 00000000000012f0 T _dtoa_r
000000000001cf60 0000000000000010 T _wcsrtombs_r
000000000001cf80 000000000000012c T __swsetup_r
000000000001d0c0 00000000000000f4 T _findenv_r
000000000001d1c0 0000000000000008 T __localeconv_l
000000000001d1e0 0000000000000028 T _localeconv_r
000000000001d220 0000000000000568 T _realloc_r
000000000001d788 0000000000000790 t get_arg
000000000001df18 0000000000003a84 T _svfprintf_r
00000000000219a0 0000000000000188 T __ssputs_r
0000000000021b40 00000000000000e0 T __utf8_wctomb
0000000000021c20 0000000000000188 T _wcsnrtombs_l
0000000000021dc0 0000000000000054 T _wcsnrtombs_r
0000000000021e40 00000000000000dc T memchr
0000000000021f20 000000000000007c T frexp
0000000000021fa0 000000000000000c T __env_lock
0000000000021fc0 000000000000000c T __env_unlock
0000000000021fe0 0000000000000064 T __assert_func
0000000000022060 00000000000000a4 T _Balloc
0000000000022120 0000000000000020 T _Bfree
0000000000022140 0000000000000118 T __multadd
0000000000022260 0000000000000094 T __hi0bits
0000000000022300 0000000000000100 T __lo0bits
0000000000022400 000000000000004c T __i2b
0000000000022460 0000000000000210 T __multiply
0000000000022680 0000000000000104 T __pow5mult
00000000000227a0 0000000000000174 T __lshift
0000000000022920 0000000000000050 T __mcmp
0000000000022980 00000000000001c4 T __mdiff
0000000000022b60 000000000000014c T __d2b
0000000000022cc0 00000000000002dc T __utf8_mbtowc
0000000000022fa0 0000000000000080 T fiprintf
0000000000023020 0000000000000018 T abort
0000000000023040 00000000000000bc T _calloc_r
00000000000230fc 0000000000000790 t get_arg
000000000002388c 0000000000002964 T _vfiprintf_r
00000000000261f0 00000000000000cc t __sbprintf
00000000000262c0 000000000000009c T _raise_r
0000000000026360 000000000000001c T raise
0000000000026380 0000000000000020 T _exit
00000000000263a0 000000000000016c T chdir
0000000000026520 0000000000000218 T _concatenate_path
0000000000026740 000000000000009c T _fstat_r
00000000000267e0 0000000000000010 T _getpid_r
0000000000026800 0000000000000020 T __getreent
0000000000026820 00000000000000a0 T __release_handle
00000000000268c0 0000000000000130 T __alloc_handle
0000000000026a00 0000000000000060 T __get_handle
0000000000026a60 00000000000000f4 T _close_r
0000000000026b60 0000000000000008 t null_write
0000000000026b80 0000000000000018 T setDefaultDevice
0000000000026ba0 00000000000000b8 T FindDevice
0000000000026c60 000000000000002c T RemoveDevice
0000000000026ca0 00000000000000a4 T AddDevice
0000000000026d60 0000000000000034 T GetDeviceOpTab
0000000000026da0 0000000000000008 T _isatty_r
0000000000026dc0 0000000000000010 T _kill_r
0000000000026de0 00000000000000a0 T _lseek_r
0000000000026e80 00000000000000b0 T _read_r
0000000000026f40 0000000000000078 W _sbrk_r
0000000000026fc0 0000000000000014 T __libc_lock_acquire
0000000000026fe0 0000000000000014 T __libc_lock_release
0000000000027000 0000000000000014 T __libc_lock_acquire_recursive
0000000000027020 0000000000000014 T __libc_lock_release_recursive
0000000000027040 00000000000000b0 T _write_r
0000000000027100 0000000000000380 t __trunctfdf2
0000000000027480 0000000000000070 t __sfp_handle_exceptions
0000000000027500 0000000000000104 T strrchr
0000000000027608 T _init
0000000000027640 T _fini
0000000000028538 0000000000000014 r CSWTCH.1000
00000000000286d0 0000000000000018 r grayScale
00000000000286e8 0000000000000006 r colorCube
00000000000286f0 0000000000000030 r colorTable
0000000000028720 0000000000000024 r g_defaultSocketInitConfig
0000000000028748 R default_font_bin
000000000002a748 R default_font_bin_end
000000000002a748 0000000000000038 r g_defaultBsdInitConfig
000000000002a790 0000000000000038 r g_nvColorFmtTable
000000000002a7c8 0000000000000024 r s_emptyFence.0
000000000002a7f0 0000000000000086 r _error_code_map
000000000002a878 0000000000000020 r error_table
000000000002a940 0000000000000023 r g_bq_InterfaceDescriptor
000000000002a968 0000000000000101 R _ctype_
000000000002aba0 0000000000000010 r zeroes.0
000000000002abb0 0000000000000010 r blanks.1
000000000002abc0 000000000000006c R __action_table
000000000002ac30 000000000000006c R __state_table
000000000002aca0 0000000000000100 R __chclass
000000000002aeb0 0000000000000010 r zeroes.0
000000000002aec0 0000000000000010 r blanks.1
000000000002aed0 000000000000000c r p05.0
000000000002aee0 0000000000000028 R __mprec_bigtens
000000000002af08 00000000000000c8 R __mprec_tens
000000000002b0d0 0000000000000010 r zeroes.0
000000000002b0e0 0000000000000010 r blanks.1
000000000002b0f0 r __tls_align
000000000002b0f8 r __EH_FRAME_BEGIN__
000000000002b0f8 r __eh_frame_hdr_end
000000000002b0f8 r __eh_frame_hdr_start
0000000000030154 r __FRAME_END__
0000000000031000 d __frame_dummy_init_array_entry
0000000000031000 d __init_array_start
0000000000031000 d __preinit_array_end
0000000000031000 d __preinit_array_start
0000000000031000 d __relro_start
0000000000031008 d __do_global_dtors_aux_fini_array_entry
0000000000031008 d __fini_array_start
0000000000031008 d __init_array_end
0000000000031010 0000000000000100 d dotab_stdout
0000000000031010 d __fini_array_end
0000000000031110 0000000000000100 d g_socketDevoptab
0000000000031210 0000000000000100 d fsdev_devoptab
0000000000031310 0000000000000100 D dotab_stdnull
0000000000031410 a _DYNAMIC
0000000000031560 a _GLOBAL_OFFSET_TABLE_
0000000000031560 d __got_start__
00000000000317d8 d __got_end__
0000000000032000 d __data_start
0000000000032000 0000000000000008 V __nx_applet_init_timeout
0000000000032008 0000000000000001 V __nx_applet_auto_notifyrunning
000000000003200c 0000000000000004 V __nx_applet_type
0000000000032010 0000000000000008 d currentConsole
0000000000032018 0000000000000050 d defaultConsole
0000000000032068 0000000000000088 d s_consoleSwRenderer
00000000000320f0 0000000000000008 d g_bsdClientPid
00000000000320f8 0000000000000008 V __nx_exception_stack_size
0000000000032100 0000000000000001 V __nx_fsdev_support_cwd
0000000000032104 0000000000000004 V __nx_fsdev_direntry_cache_size
0000000000032108 0000000000000004 V __nx_fs_num_sessions
000000000003210c 0000000000000004 V __nx_nv_transfermem_size
0000000000032110 0000000000000004 V __nx_nv_service_type
0000000000032114 0000000000000004 d g_viServiceType
0000000000032118 0000000000000004 V __nx_vi_stray_layer_flags
000000000003211c 0000000000000004 d g_ctrl_fd
0000000000032120 0000000000000004 d g_nvmap_fd
0000000000032128 0000000000000008 D _impure_ptr
0000000000032130 0000000000000240 D _impure_data
0000000000032370 0000000000000008 D __malloc_sbrk_base
0000000000032378 0000000000000008 D __malloc_trim_threshold
0000000000032380 0000000000000810 D __malloc_av_
0000000000032b90 0000000000000018 D __sglue
0000000000032ba8 0000000000000008 D environ
0000000000032bb0 0000000000000290 D __global_locale
0000000000032e40 0000000000000400 d _current_working_directory
0000000000033240 0000000000002000 d handles
0000000000035240 0000000000000010 d __stderr_handle
0000000000035250 0000000000000010 d __stdout_handle
0000000000035260 0000000000000010 d __stdin_handle
0000000000035270 0000000000000118 D devoptab_list
0000000000035388 0000000000000004 d defaultDevice
0000000000035390 b __bss_start__
0000000000035390 b completed.1
0000000000035390 d __tdata_lma
0000000000035390 d __tdata_lma_end
0000000000035398 b object.0
00000000000353c8 0000000000000008 b g_appletGuard
00000000000353d0 0000000000000001 b g_appletInfoInitialized
00000000000353d8 0000000000000050 b g_appletInfo
0000000000035428 0000000000000004 b g_appletCpuBoostMode
0000000000035430 000000000000000c b g_appletLibraryAppletLaunchableEvent
000000000003543c 0000000000000001 b g_appletSuspendedTickInitialized
0000000000035440 0000000000000008 b g_appletSuspendedTick
0000000000035448 0000000000000008 b g_appletInitTickBase
0000000000035450 000000000000000c b g_appletSuspendedTickEvent
000000000003545c 0000000000000001 b g_appletCopyrightInitialized
0000000000035460 0000000000000028 b g_appletCopyrightTmem
0000000000035488 0000000000000004 b g_appletRecordingInitialized
0000000000035490 0000000000000028 b g_appletRecordingTmem
00000000000354b8 0000000000000018 b g_appletFirstHook
00000000000354d0 0000000000000001 b g_appletNotifiedRunning
00000000000354d1 0000000000000001 b g_appletFocusState
00000000000354d4 0000000000000004 b g_appletPerformanceMode
00000000000354d8 0000000000000001 b g_appletOperationMode
00000000000354e0 0000000000000008 b g_appletResourceUserId
00000000000354e8 000000000000000c b g_appletMessageEvent
00000000000354f8 0000000000000010 b g_appletIDebugFunctions
0000000000035508 0000000000000010 b g_appletIDisplayController
0000000000035518 0000000000000010 b g_appletIAudioController
0000000000035528 0000000000000010 b g_appletIWindowController
0000000000035538 0000000000000010 b g_appletISelfController
0000000000035548 0000000000000010 b g_appletICommonStateGetter
0000000000035558 0000000000000010 b g_appletILibraryAppletCreator
0000000000035568 0000000000000010 b g_appletIProcessWindingController
0000000000035578 0000000000000010 b g_appletILibraryAppletSelfAccessor
0000000000035588 0000000000000010 b g_appletIApplicationCreator
0000000000035598 0000000000000010 b g_appletIGlobalStateController
00000000000355a8 0000000000000010 b g_appletIFunctions
00000000000355b8 0000000000000010 b g_appletIAppletCommonFunctions
00000000000355c8 0000000000000004 b g_appletExitProcessResult
00000000000355cc 0000000000000001 b g_appletExitProcessFlag
00000000000355cd 0000000000000001 b g_appletLeftInitialized
00000000000355d0 0000000000000010 b g_appletProxySession
00000000000355e0 0000000000000010 b g_appletSrv
00000000000355f0 0000000000000004 V __nx_applet_exit_mode
00000000000355f8 0000000000000008 V __nx_applet_PerformanceConfiguration
0000000000035600 0000000000000080 V __nx_applet_AppletAttribute
0000000000035680 0000000000000008 b g_hidGuard
0000000000035688 0000000000000008 b g_sevenSixAxisSensorBuffer
0000000000035690 0000000000000020 b g_hidSharedmem
00000000000356b0 0000000000000010 b g_hidIActiveVibrationDeviceList
00000000000356c0 0000000000000010 b g_hidIAppletResource
00000000000356d0 0000000000000010 b g_hidSrv
00000000000356e0 0000000000000008 b g_smGuard
00000000000356e8 0000000000000008 b g_smOverridesNum
00000000000356f0 0000000000000180 b g_smOverrides
0000000000035870 0000000000000010 b g_smSrv
0000000000035880 0000000000000008 b g_userIdStorage
0000000000035890 0000000000000010 b g_randomSeed
00000000000358a0 0000000000000001 b g_hasRandomSeed
00000000000358a4 0000000000000004 b g_lastLoadResult
00000000000358a8 0000000000000008 b g_nextLoadArgv
00000000000358b0 0000000000000008 b g_nextLoadPath
00000000000358b8 0000000000000004 b g_processHandle
00000000000358c0 0000000000000018 b g_syscallHints
00000000000358d8 0000000000000008 b g_overrideArgv
00000000000358e0 0000000000000008 b g_overrideHeapSize
00000000000358e8 0000000000000008 b g_overrideHeapAddr
00000000000358f0 0000000000000008 b g_loaderRetAddr
00000000000358f8 0000000000000004 b g_mainThreadHandle
0000000000035900 0000000000000008 b g_loaderInfoSize
0000000000035908 0000000000000008 b g_loaderInfo
0000000000035910 0000000000000001 b g_isNso
0000000000035914 0000000000000004 b g_hosVersion
0000000000035918 0000000000000001 b didFirstConsoleInit.0
0000000000035920 0000000000000068 b escapeSeq
0000000000035988 0000000000000050 b currentCopy
00000000000359d8 B __stack_top
00000000000359e0 0000000000000001 b g_IsLegacyKernel
00000000000359e8 0000000000000008 b g_Reservations
00000000000359f0 0000000000000010 b g_StackRegion
0000000000035a00 0000000000000010 b g_AslrRegion
0000000000035a10 0000000000000010 b g_HeapRegion
0000000000035a20 0000000000000010 b g_AliasRegion
0000000000035a30 0000000000000004 b g_VirtmemMutex
0000000000035a38 0000000000000008 b g_apmGuard
0000000000035a40 0000000000000010 b g_apmISession
0000000000035a50 0000000000000010 b g_apmSrv
0000000000035a60 0000000000000008 b g_bsdGuard
0000000000035a68 0000000000000028 b g_bsdTmem
0000000000035a90 0000000000000054 b g_bsdSessionMgr
0000000000035ae8 0000000000000010 b g_bsdMonitor
0000000000035af8 0000000000000010 b g_bsdSrv
0000000000035b08 0000000000000080 b g_defaultWin
0000000000035b88 0000000000000010 b g_viLayer
0000000000035b98 0000000000000050 b g_viDisplay
0000000000035be8 0000000000000008 b g_argv_empty
0000000000035bf0 0000000000000008 B __system_argv
0000000000035bf8 0000000000000004 B __system_argc
0000000000035c00 0000000000000340 B __nx_exceptiondump
0000000000035f40 0000000000000004 V __nx_exception_ignoredebug
0000000000035f50 0000000000000400 V __nx_exception_stack
0000000000036350 0000000000000008 V __nx_heap_size
0000000000036358 0000000000000008 b __bootticks
0000000000036360 0000000000000008 b __boottime
0000000000036368 0000000000000004 V __nx_time_type
0000000000036370 0000000000000004 B __nxlink_host
0000000000036380 0000000000002800 b fsdev_fsdevices
0000000000038b80 0000000000000004 b fsdev_fsdevice_cwd
0000000000038b84 0000000000000001 b fsdev_initialised
0000000000038b88 0000000000000004 b g_randMutex
0000000000038b8c 0000000000000001 b g_randInit
0000000000038b90 0000000000000040 b g_chacha
0000000000038bd0 0000000000000038 b g_mainThread
0000000000038c08 0000000000000008 b g_threadList
0000000000038c10 0000000000000004 b g_threadMutex
0000000000038c18 0000000000000008 b g_fsGuard
0000000000038c20 0000000000000054 b g_fsSessionMgr
0000000000038c78 0000000000000010 b g_fsSrv
0000000000038c88 0000000000000008 b g_nvGuard
0000000000038c90 0000000000000028 b g_nvTransfermem
0000000000038cb8 0000000000000010 b g_nvSrvClone
0000000000038cc8 0000000000000010 b g_nvSrv
0000000000038cd8 0000000000000008 b g_setsysGuard
0000000000038ce0 0000000000000010 b g_setsysSrv
0000000000038cf0 0000000000000008 b g_timeGuard
0000000000038cf8 0000000000000020 b g_timeSharedmem
0000000000038d18 0000000000000010 b g_timeLocalSystemClock
0000000000038d28 0000000000000010 b g_timeTimeZoneService
0000000000038d38 0000000000000010 b g_timeSteadyClock
0000000000038d48 0000000000000010 b g_timeNetworkSystemClock
0000000000038d58 0000000000000010 b g_timeUserSystemClock
0000000000038d68 0000000000000010 b g_timeSrv
0000000000038d78 0000000000000004 V __nx_time_service_type
0000000000038d80 0000000000000008 b g_viGuard
0000000000038d88 0000000000000010 b g_viIHOSBinderDriverIndirect
0000000000038d98 0000000000000010 b g_viIManagerDisplayService
0000000000038da8 0000000000000010 b g_viISystemDisplayService
0000000000038db8 0000000000000010 b g_viIHOSBinderDriverRelay
0000000000038dc8 0000000000000010 b g_viIApplicationDisplayService
0000000000038dd8 0000000000000010 b g_viRootService
0000000000038de8 0000000000000008 V __nx_vi_layer_id
0000000000038df0 0000000000000008 b g_nvFenceGuard
0000000000038df8 0000000000000300 b g_NvEvents
00000000000390f8 0000000000000008 b g_NvEventUsedMask
0000000000039100 0000000000000008 b g_nvMapGuard
0000000000039108 0000000000000050 B __malloc_current_mallinfo
0000000000039158 0000000000000008 B __malloc_max_total_mem
0000000000039160 0000000000000008 B __malloc_max_sbrked_mem
0000000000039168 0000000000000008 B __malloc_top_pad
0000000000039170 0000000000000008 b __sfp_recursive_mutex
0000000000039178 0000000000000228 B __sf
00000000000393a0 0000000000000008 B __stdio_exit_handler
00000000000393a8 0000000000000008 b __malloc_recursive_mutex
00000000000393b0 0000000000000004 b alloced.0
00000000000393b8 0000000000000008 b initial_env
00000000000393c0 0000000000000008 b __env_recursive_mutex
00000000000393d0 0000000000000400 b temp_cwd
00000000000397d0 0000000000000004 b __hndl_lock
00000000000397d8 0000000000000008 B fake_heap_start
00000000000397e0 0000000000000008 B fake_heap_end
00000000000397e8 0000000000000008 b heap_start.0
00000000000397f0 b __tls_start
0000000000039c08 b __bss_end__
0000000000039c08 b __end__
0000000000039c08 b __tls_end
000000000003a000 b __argdata__
